{"C:\\Users\\saini\\Desktop\\Sweey Shop Managment System\\backend\\src\\app.js": {"path":"C:\\Users\\saini\\Desktop\\Sweey Shop Managment System\\backend\\src\\app.js","statementMap":{"0":{"start":{"line":1,"column":16},"end":{"line":1,"column":34}},"1":{"start":{"line":2,"column":12},"end":{"line":2,"column":21}},"2":{"start":{"line":3,"column":21},"end":{"line":3,"column":45}},"3":{"start":{"line":4,"column":12},"end":{"line":4,"column":27}},"4":{"start":{"line":6,"column":19},"end":{"line":6,"column":49}},"5":{"start":{"line":7,"column":20},"end":{"line":7,"column":51}},"6":{"start":{"line":8,"column":24},"end":{"line":8,"column":59}},"7":{"start":{"line":10,"column":0},"end":{"line":10,"column":24}},"8":{"start":{"line":11,"column":0},"end":{"line":11,"column":24}},"9":{"start":{"line":13,"column":20},"end":{"line":18,"column":1}},"10":{"start":{"line":20,"column":0},"end":{"line":20,"column":27}},"11":{"start":{"line":23,"column":0},"end":{"line":23,"column":33}},"12":{"start":{"line":24,"column":0},"end":{"line":24,"column":36}},"13":{"start":{"line":25,"column":0},"end":{"line":25,"column":50}},"14":{"start":{"line":28,"column":0},"end":{"line":30,"column":3}},"15":{"start":{"line":29,"column":2},"end":{"line":29,"column":41}},"16":{"start":{"line":32,"column":0},"end":{"line":32,"column":21}}},"fnMap":{"0":{"name":"(anonymous_0)","decl":{"start":{"line":28,"column":13},"end":{"line":28,"column":14}},"loc":{"start":{"line":28,"column":27},"end":{"line":30,"column":1}},"line":28}},"branchMap":{},"s":{"0":7,"1":7,"2":7,"3":7,"4":7,"5":7,"6":7,"7":7,"8":7,"9":7,"10":7,"11":7,"12":7,"13":7,"14":7,"15":0,"16":7},"f":{"0":0},"b":{},"_coverageSchema":"1a1c01bbd47fc00a2c39e90264f33305004495a9","hash":"b29bd998a44a9a6cfba1410653948640784646c7"}
,"C:\\Users\\saini\\Desktop\\Sweey Shop Managment System\\backend\\src\\config\\database.js": {"path":"C:\\Users\\saini\\Desktop\\Sweey Shop Managment System\\backend\\src\\config\\database.js","statementMap":{"0":{"start":{"line":1,"column":17},"end":{"line":1,"column":36}},"1":{"start":{"line":3,"column":18},"end":{"line":7,"column":1}},"2":{"start":{"line":4,"column":2},"end":{"line":6,"column":4}},"3":{"start":{"line":9,"column":0},"end":{"line":9,"column":28}}},"fnMap":{"0":{"name":"(anonymous_0)","decl":{"start":{"line":3,"column":18},"end":{"line":3,"column":19}},"loc":{"start":{"line":3,"column":30},"end":{"line":7,"column":1}},"line":3}},"branchMap":{},"s":{"0":6,"1":6,"2":6,"3":6},"f":{"0":6},"b":{},"_coverageSchema":"1a1c01bbd47fc00a2c39e90264f33305004495a9","hash":"a4680abc904ec651c39b50f23cd5e5a8f64b36bf"}
,"C:\\Users\\saini\\Desktop\\Sweey Shop Managment System\\backend\\src\\middleware\\adminMiddleware.js": {"path":"C:\\Users\\saini\\Desktop\\Sweey Shop Managment System\\backend\\src\\middleware\\adminMiddleware.js","statementMap":{"0":{"start":{"line":1,"column":24},"end":{"line":22,"column":1}},"1":{"start":{"line":2,"column":2},"end":{"line":21,"column":3}},"2":{"start":{"line":4,"column":4},"end":{"line":8,"column":5}},"3":{"start":{"line":5,"column":6},"end":{"line":7,"column":9}},"4":{"start":{"line":10,"column":4},"end":{"line":14,"column":5}},"5":{"start":{"line":11,"column":6},"end":{"line":13,"column":9}},"6":{"start":{"line":16,"column":4},"end":{"line":16,"column":11}},"7":{"start":{"line":18,"column":4},"end":{"line":20,"column":7}},"8":{"start":{"line":24,"column":0},"end":{"line":24,"column":37}}},"fnMap":{"0":{"name":"(anonymous_0)","decl":{"start":{"line":1,"column":24},"end":{"line":1,"column":25}},"loc":{"start":{"line":1,"column":44},"end":{"line":22,"column":1}},"line":1}},"branchMap":{"0":{"loc":{"start":{"line":4,"column":4},"end":{"line":8,"column":5}},"type":"if","locations":[{"start":{"line":4,"column":4},"end":{"line":8,"column":5}},{"start":{},"end":{}}],"line":4},"1":{"loc":{"start":{"line":10,"column":4},"end":{"line":14,"column":5}},"type":"if","locations":[{"start":{"line":10,"column":4},"end":{"line":14,"column":5}},{"start":{},"end":{}}],"line":10}},"s":{"0":7,"1":2,"2":2,"3":0,"4":2,"5":0,"6":2,"7":0,"8":7},"f":{"0":2},"b":{"0":[0,2],"1":[0,2]},"_coverageSchema":"1a1c01bbd47fc00a2c39e90264f33305004495a9","hash":"257547e2d216e7d3915ee03c2aeed8780414d6c0"}
,"C:\\Users\\saini\\Desktop\\Sweey Shop Managment System\\backend\\src\\middleware\\authMiddleware.js": {"path":"C:\\Users\\saini\\Desktop\\Sweey Shop Managment System\\backend\\src\\middleware\\authMiddleware.js","statementMap":{"0":{"start":{"line":2,"column":10},"end":{"line":2,"column":33}},"1":{"start":{"line":3,"column":13},"end":{"line":3,"column":38}},"2":{"start":{"line":5,"column":17},"end":{"line":23,"column":1}},"3":{"start":{"line":6,"column":2},"end":{"line":22,"column":3}},"4":{"start":{"line":8,"column":22},"end":{"line":8,"column":33}},"5":{"start":{"line":9,"column":4},"end":{"line":11,"column":5}},"6":{"start":{"line":10,"column":6},"end":{"line":10,"column":51}},"7":{"start":{"line":12,"column":23},"end":{"line":12,"column":70}},"8":{"start":{"line":13,"column":20},"end":{"line":13,"column":30}},"9":{"start":{"line":14,"column":17},"end":{"line":14,"column":41}},"10":{"start":{"line":15,"column":4},"end":{"line":17,"column":5}},"11":{"start":{"line":16,"column":6},"end":{"line":16,"column":40}},"12":{"start":{"line":18,"column":4},"end":{"line":18,"column":20}},"13":{"start":{"line":19,"column":4},"end":{"line":19,"column":11}},"14":{"start":{"line":21,"column":4},"end":{"line":21,"column":50}},"15":{"start":{"line":25,"column":0},"end":{"line":25,"column":30}}},"fnMap":{"0":{"name":"(anonymous_0)","decl":{"start":{"line":5,"column":17},"end":{"line":5,"column":18}},"loc":{"start":{"line":5,"column":43},"end":{"line":23,"column":1}},"line":5}},"branchMap":{"0":{"loc":{"start":{"line":9,"column":4},"end":{"line":11,"column":5}},"type":"if","locations":[{"start":{"line":9,"column":4},"end":{"line":11,"column":5}},{"start":{},"end":{}}],"line":9},"1":{"loc":{"start":{"line":15,"column":4},"end":{"line":17,"column":5}},"type":"if","locations":[{"start":{"line":15,"column":4},"end":{"line":17,"column":5}},{"start":{},"end":{}}],"line":15}},"s":{"0":7,"1":7,"2":7,"3":4,"4":4,"5":4,"6":0,"7":4,"8":4,"9":4,"10":4,"11":0,"12":4,"13":4,"14":0,"15":7},"f":{"0":4},"b":{"0":[0,4],"1":[0,4]},"_coverageSchema":"1a1c01bbd47fc00a2c39e90264f33305004495a9","hash":"aae365d65e462e3788abb1459e362a336cf5e56e"}
,"C:\\Users\\saini\\Desktop\\Sweey Shop Managment System\\backend\\src\\models\\sweet.js": {"path":"C:\\Users\\saini\\Desktop\\Sweey Shop Managment System\\backend\\src\\models\\sweet.js","statementMap":{"0":{"start":{"line":1,"column":17},"end":{"line":1,"column":36}},"1":{"start":{"line":3,"column":20},"end":{"line":31,"column":1}},"2":{"start":{"line":33,"column":0},"end":{"line":33,"column":54}}},"fnMap":{},"branchMap":{},"s":{"0":7,"1":7,"2":7},"f":{},"b":{},"_coverageSchema":"1a1c01bbd47fc00a2c39e90264f33305004495a9","hash":"d1b8703b76562ec90807659c8815a9ea24ab3b20"}
,"C:\\Users\\saini\\Desktop\\Sweey Shop Managment System\\backend\\src\\models\\user.js": {"path":"C:\\Users\\saini\\Desktop\\Sweey Shop Managment System\\backend\\src\\models\\user.js","statementMap":{"0":{"start":{"line":1,"column":17},"end":{"line":1,"column":36}},"1":{"start":{"line":2,"column":12},"end":{"line":2,"column":35}},"2":{"start":{"line":3,"column":15},"end":{"line":3,"column":32}},"3":{"start":{"line":4,"column":19},"end":{"line":44,"column":1}},"4":{"start":{"line":33,"column":8},"end":{"line":35,"column":9}},"5":{"start":{"line":34,"column":10},"end":{"line":34,"column":54}},"6":{"start":{"line":45,"column":0},"end":{"line":53,"column":2}},"7":{"start":{"line":46,"column":15},"end":{"line":46,"column":19}},"8":{"start":{"line":47,"column":23},"end":{"line":47,"column":36}},"9":{"start":{"line":48,"column":26},"end":{"line":51,"column":3}},"10":{"start":{"line":52,"column":2},"end":{"line":52,"column":25}},"11":{"start":{"line":55,"column":0},"end":{"line":61,"column":2}},"12":{"start":{"line":56,"column":15},"end":{"line":56,"column":19}},"13":{"start":{"line":57,"column":16},"end":{"line":59,"column":4}},"14":{"start":{"line":60,"column":2},"end":{"line":60,"column":15}},"15":{"start":{"line":63,"column":0},"end":{"line":63,"column":52}}},"fnMap":{"0":{"name":"(anonymous_0)","decl":{"start":{"line":32,"column":6},"end":{"line":32,"column":7}},"loc":{"start":{"line":32,"column":22},"end":{"line":36,"column":7}},"line":32},"1":{"name":"(anonymous_1)","decl":{"start":{"line":45,"column":38},"end":{"line":45,"column":39}},"loc":{"start":{"line":45,"column":75},"end":{"line":53,"column":1}},"line":45},"2":{"name":"(anonymous_2)","decl":{"start":{"line":55,"column":28},"end":{"line":55,"column":29}},"loc":{"start":{"line":55,"column":46},"end":{"line":61,"column":1}},"line":55}},"branchMap":{"0":{"loc":{"start":{"line":33,"column":8},"end":{"line":35,"column":9}},"type":"if","locations":[{"start":{"line":33,"column":8},"end":{"line":35,"column":9}},{"start":{},"end":{}}],"line":33}},"s":{"0":7,"1":7,"2":7,"3":7,"4":6,"5":0,"6":7,"7":4,"8":4,"9":4,"10":4,"11":7,"12":8,"13":8,"14":8,"15":7},"f":{"0":6,"1":4,"2":8},"b":{"0":[0,6]},"_coverageSchema":"1a1c01bbd47fc00a2c39e90264f33305004495a9","hash":"346bc706d222442edc70f7f4dbd6b1aebef70233"}
,"C:\\Users\\saini\\Desktop\\Sweey Shop Managment System\\backend\\src\\routes\\authRouter.js": {"path":"C:\\Users\\saini\\Desktop\\Sweey Shop Managment System\\backend\\src\\routes\\authRouter.js","statementMap":{"0":{"start":{"line":1,"column":16},"end":{"line":1,"column":34}},"1":{"start":{"line":2,"column":15},"end":{"line":2,"column":32}},"2":{"start":{"line":3,"column":13},"end":{"line":3,"column":38}},"3":{"start":{"line":4,"column":33},"end":{"line":4,"column":63}},"4":{"start":{"line":5,"column":18},"end":{"line":5,"column":38}},"5":{"start":{"line":7,"column":19},"end":{"line":7,"column":35}},"6":{"start":{"line":9,"column":0},"end":{"line":45,"column":3}},"7":{"start":{"line":10,"column":2},"end":{"line":44,"column":3}},"8":{"start":{"line":12,"column":4},"end":{"line":12,"column":30}},"9":{"start":{"line":14,"column":62},"end":{"line":14,"column":70}},"10":{"start":{"line":16,"column":25},"end":{"line":16,"column":56}},"11":{"start":{"line":17,"column":4},"end":{"line":19,"column":5}},"12":{"start":{"line":18,"column":6},"end":{"line":18,"column":70}},"13":{"start":{"line":20,"column":27},"end":{"line":20,"column":58}},"14":{"start":{"line":22,"column":17},"end":{"line":28,"column":6}},"15":{"start":{"line":30,"column":18},"end":{"line":30,"column":37}},"16":{"start":{"line":32,"column":4},"end":{"line":35,"column":7}},"17":{"start":{"line":37,"column":4},"end":{"line":41,"column":7}},"18":{"start":{"line":43,"column":4},"end":{"line":43,"column":53}},"19":{"start":{"line":47,"column":0},"end":{"line":84,"column":3}},"20":{"start":{"line":48,"column":2},"end":{"line":83,"column":3}},"21":{"start":{"line":49,"column":34},"end":{"line":49,"column":42}},"22":{"start":{"line":51,"column":4},"end":{"line":53,"column":5}},"23":{"start":{"line":52,"column":6},"end":{"line":52,"column":47}},"24":{"start":{"line":54,"column":17},"end":{"line":54,"column":57}},"25":{"start":{"line":55,"column":4},"end":{"line":57,"column":5}},"26":{"start":{"line":56,"column":6},"end":{"line":56,"column":49}},"27":{"start":{"line":58,"column":28},"end":{"line":58,"column":65}},"28":{"start":{"line":60,"column":4},"end":{"line":80,"column":5}},"29":{"start":{"line":61,"column":20},"end":{"line":61,"column":39}},"30":{"start":{"line":62,"column":6},"end":{"line":67,"column":9}},"31":{"start":{"line":68,"column":6},"end":{"line":77,"column":9}},"32":{"start":{"line":79,"column":6},"end":{"line":79,"column":49}},"33":{"start":{"line":82,"column":4},"end":{"line":82,"column":50}},"34":{"start":{"line":86,"column":0},"end":{"line":103,"column":3}},"35":{"start":{"line":87,"column":2},"end":{"line":102,"column":3}},"36":{"start":{"line":88,"column":4},"end":{"line":91,"column":7}},"37":{"start":{"line":93,"column":4},"end":{"line":96,"column":7}},"38":{"start":{"line":98,"column":4},"end":{"line":101,"column":7}},"39":{"start":{"line":106,"column":0},"end":{"line":106,"column":28}}},"fnMap":{"0":{"name":"(anonymous_0)","decl":{"start":{"line":9,"column":29},"end":{"line":9,"column":30}},"loc":{"start":{"line":9,"column":49},"end":{"line":45,"column":1}},"line":9},"1":{"name":"(anonymous_1)","decl":{"start":{"line":47,"column":26},"end":{"line":47,"column":27}},"loc":{"start":{"line":47,"column":46},"end":{"line":84,"column":1}},"line":47},"2":{"name":"(anonymous_2)","decl":{"start":{"line":86,"column":27},"end":{"line":86,"column":28}},"loc":{"start":{"line":86,"column":47},"end":{"line":103,"column":1}},"line":86}},"branchMap":{"0":{"loc":{"start":{"line":17,"column":4},"end":{"line":19,"column":5}},"type":"if","locations":[{"start":{"line":17,"column":4},"end":{"line":19,"column":5}},{"start":{},"end":{}}],"line":17},"1":{"loc":{"start":{"line":51,"column":4},"end":{"line":53,"column":5}},"type":"if","locations":[{"start":{"line":51,"column":4},"end":{"line":53,"column":5}},{"start":{},"end":{}}],"line":51},"2":{"loc":{"start":{"line":55,"column":4},"end":{"line":57,"column":5}},"type":"if","locations":[{"start":{"line":55,"column":4},"end":{"line":57,"column":5}},{"start":{},"end":{}}],"line":55},"3":{"loc":{"start":{"line":60,"column":4},"end":{"line":80,"column":5}},"type":"if","locations":[{"start":{"line":60,"column":4},"end":{"line":80,"column":5}},{"start":{"line":78,"column":11},"end":{"line":80,"column":5}}],"line":60}},"s":{"0":7,"1":7,"2":7,"3":7,"4":7,"5":7,"6":7,"7":4,"8":4,"9":4,"10":4,"11":4,"12":0,"13":4,"14":4,"15":4,"16":4,"17":4,"18":0,"19":7,"20":4,"21":4,"22":4,"23":0,"24":4,"25":4,"26":0,"27":4,"28":4,"29":4,"30":4,"31":4,"32":0,"33":0,"34":7,"35":1,"36":1,"37":1,"38":0,"39":7},"f":{"0":4,"1":4,"2":1},"b":{"0":[0,4],"1":[0,4],"2":[0,4],"3":[4,0]},"_coverageSchema":"1a1c01bbd47fc00a2c39e90264f33305004495a9","hash":"c576582c297de907effdf93bb88704e2d7dbf6bf"}
,"C:\\Users\\saini\\Desktop\\Sweey Shop Managment System\\backend\\src\\routes\\inventoryRouter.js": {"path":"C:\\Users\\saini\\Desktop\\Sweey Shop Managment System\\backend\\src\\routes\\inventoryRouter.js","statementMap":{"0":{"start":{"line":1,"column":16},"end":{"line":1,"column":34}},"1":{"start":{"line":2,"column":14},"end":{"line":2,"column":40}},"2":{"start":{"line":3,"column":21},"end":{"line":3,"column":60}},"3":{"start":{"line":4,"column":28},"end":{"line":4,"column":68}},"4":{"start":{"line":6,"column":24},"end":{"line":6,"column":40}},"5":{"start":{"line":8,"column":0},"end":{"line":41,"column":3}},"6":{"start":{"line":9,"column":2},"end":{"line":40,"column":3}},"7":{"start":{"line":10,"column":25},"end":{"line":10,"column":33}},"8":{"start":{"line":12,"column":4},"end":{"line":14,"column":5}},"9":{"start":{"line":13,"column":6},"end":{"line":13,"column":76}},"10":{"start":{"line":16,"column":18},"end":{"line":16,"column":53}},"11":{"start":{"line":18,"column":4},"end":{"line":20,"column":5}},"12":{"start":{"line":19,"column":6},"end":{"line":19,"column":66}},"13":{"start":{"line":22,"column":4},"end":{"line":27,"column":5}},"14":{"start":{"line":23,"column":6},"end":{"line":26,"column":9}},"15":{"start":{"line":29,"column":4},"end":{"line":29,"column":31}},"16":{"start":{"line":30,"column":4},"end":{"line":30,"column":23}},"17":{"start":{"line":32,"column":4},"end":{"line":37,"column":7}},"18":{"start":{"line":39,"column":4},"end":{"line":39,"column":53}},"19":{"start":{"line":43,"column":0},"end":{"line":74,"column":2}},"20":{"start":{"line":48,"column":4},"end":{"line":72,"column":5}},"21":{"start":{"line":49,"column":27},"end":{"line":49,"column":35}},"22":{"start":{"line":51,"column":6},"end":{"line":55,"column":7}},"23":{"start":{"line":52,"column":8},"end":{"line":54,"column":67}},"24":{"start":{"line":57,"column":20},"end":{"line":57,"column":55}},"25":{"start":{"line":58,"column":6},"end":{"line":60,"column":7}},"26":{"start":{"line":59,"column":8},"end":{"line":59,"column":68}},"27":{"start":{"line":62,"column":6},"end":{"line":62,"column":41}},"28":{"start":{"line":63,"column":6},"end":{"line":63,"column":25}},"29":{"start":{"line":65,"column":6},"end":{"line":69,"column":9}},"30":{"start":{"line":71,"column":6},"end":{"line":71,"column":55}},"31":{"start":{"line":76,"column":0},"end":{"line":76,"column":33}}},"fnMap":{"0":{"name":"(anonymous_0)","decl":{"start":{"line":8,"column":48},"end":{"line":8,"column":49}},"loc":{"start":{"line":8,"column":68},"end":{"line":41,"column":1}},"line":8},"1":{"name":"(anonymous_1)","decl":{"start":{"line":47,"column":2},"end":{"line":47,"column":3}},"loc":{"start":{"line":47,"column":22},"end":{"line":73,"column":3}},"line":47}},"branchMap":{"0":{"loc":{"start":{"line":12,"column":4},"end":{"line":14,"column":5}},"type":"if","locations":[{"start":{"line":12,"column":4},"end":{"line":14,"column":5}},{"start":{},"end":{}}],"line":12},"1":{"loc":{"start":{"line":12,"column":8},"end":{"line":12,"column":34}},"type":"binary-expr","locations":[{"start":{"line":12,"column":8},"end":{"line":12,"column":17}},{"start":{"line":12,"column":21},"end":{"line":12,"column":34}}],"line":12},"2":{"loc":{"start":{"line":18,"column":4},"end":{"line":20,"column":5}},"type":"if","locations":[{"start":{"line":18,"column":4},"end":{"line":20,"column":5}},{"start":{},"end":{}}],"line":18},"3":{"loc":{"start":{"line":22,"column":4},"end":{"line":27,"column":5}},"type":"if","locations":[{"start":{"line":22,"column":4},"end":{"line":27,"column":5}},{"start":{},"end":{}}],"line":22},"4":{"loc":{"start":{"line":51,"column":6},"end":{"line":55,"column":7}},"type":"if","locations":[{"start":{"line":51,"column":6},"end":{"line":55,"column":7}},{"start":{},"end":{}}],"line":51},"5":{"loc":{"start":{"line":51,"column":10},"end":{"line":51,"column":36}},"type":"binary-expr","locations":[{"start":{"line":51,"column":10},"end":{"line":51,"column":19}},{"start":{"line":51,"column":23},"end":{"line":51,"column":36}}],"line":51},"6":{"loc":{"start":{"line":58,"column":6},"end":{"line":60,"column":7}},"type":"if","locations":[{"start":{"line":58,"column":6},"end":{"line":60,"column":7}},{"start":{},"end":{}}],"line":58}},"s":{"0":7,"1":7,"2":7,"3":7,"4":7,"5":7,"6":0,"7":0,"8":0,"9":0,"10":0,"11":0,"12":0,"13":0,"14":0,"15":0,"16":0,"17":0,"18":0,"19":7,"20":0,"21":0,"22":0,"23":0,"24":0,"25":0,"26":0,"27":0,"28":0,"29":0,"30":0,"31":7},"f":{"0":0,"1":0},"b":{"0":[0,0],"1":[0,0],"2":[0,0],"3":[0,0],"4":[0,0],"5":[0,0],"6":[0,0]},"_coverageSchema":"1a1c01bbd47fc00a2c39e90264f33305004495a9","hash":"f0e668536707fd612ac7f78faddad987c9dc363e"}
,"C:\\Users\\saini\\Desktop\\Sweey Shop Managment System\\backend\\src\\routes\\sweetRouter.js": {"path":"C:\\Users\\saini\\Desktop\\Sweey Shop Managment System\\backend\\src\\routes\\sweetRouter.js","statementMap":{"0":{"start":{"line":1,"column":16},"end":{"line":1,"column":34}},"1":{"start":{"line":2,"column":14},"end":{"line":2,"column":40}},"2":{"start":{"line":3,"column":21},"end":{"line":3,"column":60}},"3":{"start":{"line":4,"column":28},"end":{"line":4,"column":68}},"4":{"start":{"line":6,"column":20},"end":{"line":6,"column":36}},"5":{"start":{"line":8,"column":0},"end":{"line":37,"column":3}},"6":{"start":{"line":9,"column":2},"end":{"line":36,"column":3}},"7":{"start":{"line":10,"column":58},"end":{"line":10,"column":66}},"8":{"start":{"line":11,"column":26},"end":{"line":11,"column":65}},"9":{"start":{"line":13,"column":4},"end":{"line":21,"column":5}},"10":{"start":{"line":14,"column":6},"end":{"line":14,"column":41}},"11":{"start":{"line":15,"column":6},"end":{"line":15,"column":33}},"12":{"start":{"line":17,"column":6},"end":{"line":20,"column":9}},"13":{"start":{"line":22,"column":18},"end":{"line":28,"column":6}},"14":{"start":{"line":30,"column":4},"end":{"line":33,"column":7}},"15":{"start":{"line":35,"column":4},"end":{"line":35,"column":51}},"16":{"start":{"line":39,"column":0},"end":{"line":46,"column":3}},"17":{"start":{"line":40,"column":2},"end":{"line":45,"column":3}},"18":{"start":{"line":41,"column":19},"end":{"line":41,"column":37}},"19":{"start":{"line":42,"column":4},"end":{"line":42,"column":33}},"20":{"start":{"line":44,"column":4},"end":{"line":44,"column":51}},"21":{"start":{"line":48,"column":0},"end":{"line":87,"column":3}},"22":{"start":{"line":49,"column":2},"end":{"line":86,"column":3}},"23":{"start":{"line":50,"column":51},"end":{"line":50,"column":60}},"24":{"start":{"line":52,"column":19},"end":{"line":52,"column":21}},"25":{"start":{"line":54,"column":4},"end":{"line":59,"column":5}},"26":{"start":{"line":55,"column":6},"end":{"line":58,"column":8}},"27":{"start":{"line":61,"column":4},"end":{"line":66,"column":5}},"28":{"start":{"line":62,"column":6},"end":{"line":65,"column":8}},"29":{"start":{"line":68,"column":4},"end":{"line":78,"column":5}},"30":{"start":{"line":69,"column":6},"end":{"line":69,"column":24}},"31":{"start":{"line":71,"column":6},"end":{"line":73,"column":7}},"32":{"start":{"line":72,"column":8},"end":{"line":72,"column":45}},"33":{"start":{"line":75,"column":6},"end":{"line":77,"column":7}},"34":{"start":{"line":76,"column":8},"end":{"line":76,"column":45}},"35":{"start":{"line":80,"column":19},"end":{"line":80,"column":43}},"36":{"start":{"line":81,"column":4},"end":{"line":81,"column":33}},"37":{"start":{"line":83,"column":4},"end":{"line":85,"column":7}},"38":{"start":{"line":89,"column":0},"end":{"line":105,"column":3}},"39":{"start":{"line":90,"column":2},"end":{"line":104,"column":3}},"40":{"start":{"line":91,"column":25},"end":{"line":95,"column":5}},"41":{"start":{"line":97,"column":4},"end":{"line":99,"column":5}},"42":{"start":{"line":98,"column":6},"end":{"line":98,"column":66}},"43":{"start":{"line":101,"column":4},"end":{"line":101,"column":39}},"44":{"start":{"line":103,"column":4},"end":{"line":103,"column":51}},"45":{"start":{"line":107,"column":0},"end":{"line":122,"column":3}},"46":{"start":{"line":108,"column":2},"end":{"line":121,"column":3}},"47":{"start":{"line":109,"column":25},"end":{"line":109,"column":69}},"48":{"start":{"line":111,"column":4},"end":{"line":113,"column":5}},"49":{"start":{"line":112,"column":6},"end":{"line":112,"column":66}},"50":{"start":{"line":115,"column":4},"end":{"line":118,"column":7}},"51":{"start":{"line":120,"column":4},"end":{"line":120,"column":51}},"52":{"start":{"line":125,"column":0},"end":{"line":125,"column":29}}},"fnMap":{"0":{"name":"(anonymous_0)","decl":{"start":{"line":8,"column":49},"end":{"line":8,"column":50}},"loc":{"start":{"line":8,"column":69},"end":{"line":37,"column":1}},"line":8},"1":{"name":"(anonymous_1)","decl":{"start":{"line":39,"column":31},"end":{"line":39,"column":32}},"loc":{"start":{"line":39,"column":51},"end":{"line":46,"column":1}},"line":39},"2":{"name":"(anonymous_2)","decl":{"start":{"line":48,"column":37},"end":{"line":48,"column":38}},"loc":{"start":{"line":48,"column":57},"end":{"line":87,"column":1}},"line":48},"3":{"name":"(anonymous_3)","decl":{"start":{"line":89,"column":51},"end":{"line":89,"column":52}},"loc":{"start":{"line":89,"column":71},"end":{"line":105,"column":1}},"line":89},"4":{"name":"(anonymous_4)","decl":{"start":{"line":107,"column":54},"end":{"line":107,"column":55}},"loc":{"start":{"line":107,"column":74},"end":{"line":122,"column":1}},"line":107}},"branchMap":{"0":{"loc":{"start":{"line":13,"column":4},"end":{"line":21,"column":5}},"type":"if","locations":[{"start":{"line":13,"column":4},"end":{"line":21,"column":5}},{"start":{},"end":{}}],"line":13},"1":{"loc":{"start":{"line":54,"column":4},"end":{"line":59,"column":5}},"type":"if","locations":[{"start":{"line":54,"column":4},"end":{"line":59,"column":5}},{"start":{},"end":{}}],"line":54},"2":{"loc":{"start":{"line":61,"column":4},"end":{"line":66,"column":5}},"type":"if","locations":[{"start":{"line":61,"column":4},"end":{"line":66,"column":5}},{"start":{},"end":{}}],"line":61},"3":{"loc":{"start":{"line":68,"column":4},"end":{"line":78,"column":5}},"type":"if","locations":[{"start":{"line":68,"column":4},"end":{"line":78,"column":5}},{"start":{},"end":{}}],"line":68},"4":{"loc":{"start":{"line":68,"column":8},"end":{"line":68,"column":28}},"type":"binary-expr","locations":[{"start":{"line":68,"column":8},"end":{"line":68,"column":16}},{"start":{"line":68,"column":20},"end":{"line":68,"column":28}}],"line":68},"5":{"loc":{"start":{"line":71,"column":6},"end":{"line":73,"column":7}},"type":"if","locations":[{"start":{"line":71,"column":6},"end":{"line":73,"column":7}},{"start":{},"end":{}}],"line":71},"6":{"loc":{"start":{"line":75,"column":6},"end":{"line":77,"column":7}},"type":"if","locations":[{"start":{"line":75,"column":6},"end":{"line":77,"column":7}},{"start":{},"end":{}}],"line":75},"7":{"loc":{"start":{"line":97,"column":4},"end":{"line":99,"column":5}},"type":"if","locations":[{"start":{"line":97,"column":4},"end":{"line":99,"column":5}},{"start":{},"end":{}}],"line":97},"8":{"loc":{"start":{"line":111,"column":4},"end":{"line":113,"column":5}},"type":"if","locations":[{"start":{"line":111,"column":4},"end":{"line":113,"column":5}},{"start":{},"end":{}}],"line":111}},"s":{"0":7,"1":7,"2":7,"3":7,"4":7,"5":7,"6":0,"7":0,"8":0,"9":0,"10":0,"11":0,"12":0,"13":0,"14":0,"15":0,"16":7,"17":1,"18":1,"19":1,"20":0,"21":7,"22":1,"23":1,"24":1,"25":1,"26":0,"27":1,"28":1,"29":1,"30":0,"31":0,"32":0,"33":0,"34":0,"35":1,"36":1,"37":0,"38":7,"39":1,"40":1,"41":1,"42":0,"43":1,"44":0,"45":7,"46":1,"47":1,"48":1,"49":0,"50":1,"51":0,"52":7},"f":{"0":0,"1":1,"2":1,"3":1,"4":1},"b":{"0":[0,0],"1":[0,1],"2":[1,0],"3":[0,1],"4":[1,1],"5":[0,0],"6":[0,0],"7":[0,1],"8":[0,1]},"_coverageSchema":"1a1c01bbd47fc00a2c39e90264f33305004495a9","hash":"b7d7dbe26275f8fd253faee400a320a9e078a153"}
,"C:\\Users\\saini\\Desktop\\Sweey Shop Managment System\\backend\\src\\utils\\validation.js": {"path":"C:\\Users\\saini\\Desktop\\Sweey Shop Managment System\\backend\\src\\utils\\validation.js","statementMap":{"0":{"start":{"line":1,"column":18},"end":{"line":1,"column":38}},"1":{"start":{"line":3,"column":29},"end":{"line":17,"column":1}},"2":{"start":{"line":4,"column":53},"end":{"line":4,"column":61}},"3":{"start":{"line":6,"column":2},"end":{"line":8,"column":3}},"4":{"start":{"line":7,"column":4},"end":{"line":7,"column":47}},"5":{"start":{"line":10,"column":2},"end":{"line":12,"column":3}},"6":{"start":{"line":11,"column":4},"end":{"line":11,"column":45}},"7":{"start":{"line":14,"column":2},"end":{"line":16,"column":3}},"8":{"start":{"line":15,"column":4},"end":{"line":15,"column":64}},"9":{"start":{"line":19,"column":0},"end":{"line":21,"column":2}}},"fnMap":{"0":{"name":"(anonymous_0)","decl":{"start":{"line":3,"column":29},"end":{"line":3,"column":30}},"loc":{"start":{"line":3,"column":38},"end":{"line":17,"column":1}},"line":3}},"branchMap":{"0":{"loc":{"start":{"line":6,"column":2},"end":{"line":8,"column":3}},"type":"if","locations":[{"start":{"line":6,"column":2},"end":{"line":8,"column":3}},{"start":{},"end":{}}],"line":6},"1":{"loc":{"start":{"line":6,"column":6},"end":{"line":6,"column":54}},"type":"binary-expr","locations":[{"start":{"line":6,"column":6},"end":{"line":6,"column":16}},{"start":{"line":6,"column":20},"end":{"line":6,"column":29}},{"start":{"line":6,"column":33},"end":{"line":6,"column":41}},{"start":{"line":6,"column":45},"end":{"line":6,"column":54}}],"line":6},"2":{"loc":{"start":{"line":10,"column":2},"end":{"line":12,"column":3}},"type":"if","locations":[{"start":{"line":10,"column":2},"end":{"line":12,"column":3}},{"start":{},"end":{}}],"line":10},"3":{"loc":{"start":{"line":14,"column":2},"end":{"line":16,"column":3}},"type":"if","locations":[{"start":{"line":14,"column":2},"end":{"line":16,"column":3}},{"start":{},"end":{}}],"line":14}},"s":{"0":7,"1":7,"2":4,"3":4,"4":0,"5":4,"6":0,"7":4,"8":0,"9":7},"f":{"0":4},"b":{"0":[0,4],"1":[4,4,4,4],"2":[0,4],"3":[0,4]},"_coverageSchema":"1a1c01bbd47fc00a2c39e90264f33305004495a9","hash":"3e238f2ebb8cdc4982993ca0d3acd3b8e400f2ca"}
}
