TN:
SF:src\app.js
FN:28,(anonymous_0)
FNF:1
FNH:0
FNDA:0,(anonymous_0)
DA:1,7
DA:2,7
DA:3,7
DA:4,7
DA:6,7
DA:7,7
DA:8,7
DA:10,7
DA:11,7
DA:13,7
DA:20,7
DA:23,7
DA:24,7
DA:25,7
DA:28,7
DA:29,0
DA:32,7
LF:17
LH:16
BRF:0
BRH:0
end_of_record
TN:
SF:src\config\database.js
FN:3,(anonymous_0)
FNF:1
FNH:1
FNDA:6,(anonymous_0)
DA:1,6
DA:3,6
DA:4,6
DA:9,6
LF:4
LH:4
BRF:0
BRH:0
end_of_record
TN:
SF:src\middleware\adminMiddleware.js
FN:1,(anonymous_0)
FNF:1
FNH:1
FNDA:2,(anonymous_0)
DA:1,7
DA:2,2
DA:4,2
DA:5,0
DA:10,2
DA:11,0
DA:16,2
DA:18,0
DA:24,7
LF:9
LH:6
BRDA:4,0,0,0
BRDA:4,0,1,2
BRDA:10,1,0,0
BRDA:10,1,1,2
BRF:4
BRH:2
end_of_record
TN:
SF:src\middleware\authMiddleware.js
FN:5,(anonymous_0)
FNF:1
FNH:1
FNDA:4,(anonymous_0)
DA:2,7
DA:3,7
DA:5,7
DA:6,4
DA:8,4
DA:9,4
DA:10,0
DA:12,4
DA:13,4
DA:14,4
DA:15,4
DA:16,0
DA:18,4
DA:19,4
DA:21,0
DA:25,7
LF:16
LH:13
BRDA:9,0,0,0
BRDA:9,0,1,4
BRDA:15,1,0,0
BRDA:15,1,1,4
BRF:4
BRH:2
end_of_record
TN:
SF:src\models\sweet.js
FNF:0
FNH:0
DA:1,7
DA:3,7
DA:33,7
LF:3
LH:3
BRF:0
BRH:0
end_of_record
TN:
SF:src\models\user.js
FN:32,(anonymous_0)
FN:45,(anonymous_1)
FN:55,(anonymous_2)
FNF:3
FNH:3
FNDA:6,(anonymous_0)
FNDA:4,(anonymous_1)
FNDA:8,(anonymous_2)
DA:1,7
DA:2,7
DA:3,7
DA:4,7
DA:33,6
DA:34,0
DA:45,7
DA:46,4
DA:47,4
DA:48,4
DA:52,4
DA:55,7
DA:56,8
DA:57,8
DA:60,8
DA:63,7
LF:16
LH:15
BRDA:33,0,0,0
BRDA:33,0,1,6
BRF:2
BRH:1
end_of_record
TN:
SF:src\routes\authRouter.js
FN:9,(anonymous_0)
FN:47,(anonymous_1)
FN:86,(anonymous_2)
FNF:3
FNH:3
FNDA:4,(anonymous_0)
FNDA:4,(anonymous_1)
FNDA:1,(anonymous_2)
DA:1,7
DA:2,7
DA:3,7
DA:4,7
DA:5,7
DA:7,7
DA:9,7
DA:10,4
DA:12,4
DA:14,4
DA:16,4
DA:17,4
DA:18,0
DA:20,4
DA:22,4
DA:30,4
DA:32,4
DA:37,4
DA:43,0
DA:47,7
DA:48,4
DA:49,4
DA:51,4
DA:52,0
DA:54,4
DA:55,4
DA:56,0
DA:58,4
DA:60,4
DA:61,4
DA:62,4
DA:68,4
DA:79,0
DA:82,0
DA:86,7
DA:87,1
DA:88,1
DA:93,1
DA:98,0
DA:106,7
LF:40
LH:33
BRDA:17,0,0,0
BRDA:17,0,1,4
BRDA:51,1,0,0
BRDA:51,1,1,4
BRDA:55,2,0,0
BRDA:55,2,1,4
BRDA:60,3,0,4
BRDA:60,3,1,0
BRF:8
BRH:4
end_of_record
TN:
SF:src\routes\inventoryRouter.js
FN:8,(anonymous_0)
FN:47,(anonymous_1)
FNF:2
FNH:0
FNDA:0,(anonymous_0)
FNDA:0,(anonymous_1)
DA:1,7
DA:2,7
DA:3,7
DA:4,7
DA:6,7
DA:8,7
DA:9,0
DA:10,0
DA:12,0
DA:13,0
DA:16,0
DA:18,0
DA:19,0
DA:22,0
DA:23,0
DA:29,0
DA:30,0
DA:32,0
DA:39,0
DA:43,7
DA:48,0
DA:49,0
DA:51,0
DA:52,0
DA:57,0
DA:58,0
DA:59,0
DA:62,0
DA:63,0
DA:65,0
DA:71,0
DA:76,7
LF:32
LH:8
BRDA:12,0,0,0
BRDA:12,0,1,0
BRDA:12,1,0,0
BRDA:12,1,1,0
BRDA:18,2,0,0
BRDA:18,2,1,0
BRDA:22,3,0,0
BRDA:22,3,1,0
BRDA:51,4,0,0
BRDA:51,4,1,0
BRDA:51,5,0,0
BRDA:51,5,1,0
BRDA:58,6,0,0
BRDA:58,6,1,0
BRF:14
BRH:0
end_of_record
TN:
SF:src\routes\sweetRouter.js
FN:8,(anonymous_0)
FN:39,(anonymous_1)
FN:48,(anonymous_2)
FN:89,(anonymous_3)
FN:107,(anonymous_4)
FNF:5
FNH:4
FNDA:0,(anonymous_0)
FNDA:1,(anonymous_1)
FNDA:1,(anonymous_2)
FNDA:1,(anonymous_3)
FNDA:1,(anonymous_4)
DA:1,7
DA:2,7
DA:3,7
DA:4,7
DA:6,7
DA:8,7
DA:9,0
DA:10,0
DA:11,0
DA:13,0
DA:14,0
DA:15,0
DA:17,0
DA:22,0
DA:30,0
DA:35,0
DA:39,7
DA:40,1
DA:41,1
DA:42,1
DA:44,0
DA:48,7
DA:49,1
DA:50,1
DA:52,1
DA:54,1
DA:55,0
DA:61,1
DA:62,1
DA:68,1
DA:69,0
DA:71,0
DA:72,0
DA:75,0
DA:76,0
DA:80,1
DA:81,1
DA:83,0
DA:89,7
DA:90,1
DA:91,1
DA:97,1
DA:98,0
DA:101,1
DA:103,0
DA:107,7
DA:108,1
DA:109,1
DA:111,1
DA:112,0
DA:115,1
DA:120,0
DA:125,7
LF:53
LH:31
BRDA:13,0,0,0
BRDA:13,0,1,0
BRDA:54,1,0,0
BRDA:54,1,1,1
BRDA:61,2,0,1
BRDA:61,2,1,0
BRDA:68,3,0,0
BRDA:68,3,1,1
BRDA:68,4,0,1
BRDA:68,4,1,1
BRDA:71,5,0,0
BRDA:71,5,1,0
BRDA:75,6,0,0
BRDA:75,6,1,0
BRDA:97,7,0,0
BRDA:97,7,1,1
BRDA:111,8,0,0
BRDA:111,8,1,1
BRF:18
BRH:7
end_of_record
TN:
SF:src\utils\validation.js
FN:3,(anonymous_0)
FNF:1
FNH:1
FNDA:4,(anonymous_0)
DA:1,7
DA:3,7
DA:4,4
DA:6,4
DA:7,0
DA:10,4
DA:11,0
DA:14,4
DA:15,0
DA:19,7
LF:10
LH:7
BRDA:6,0,0,0
BRDA:6,0,1,4
BRDA:6,1,0,4
BRDA:6,1,1,4
BRDA:6,1,2,4
BRDA:6,1,3,4
BRDA:10,2,0,0
BRDA:10,2,1,4
BRDA:14,3,0,0
BRDA:14,3,1,4
BRF:10
BRH:7
end_of_record
